d:\politechnika\mlwft\mlwft14\mlwft14\x64\debug\mlwft14.pch
d:\politechnika\mlwft\mlwft14\mlwft14\x64\debug\vc140.pdb
d:\politechnika\mlwft\mlwft14\mlwft14\x64\debug\vc140.idb
d:\politechnika\mlwft\mlwft14\mlwft14\x64\debug\stdafx.obj
d:\politechnika\mlwft\mlwft14\mlwft14\x64\debug\format.obj
d:\politechnika\mlwft\mlwft14\mlwft14\x64\debug\mlwft14.obj
d:\politechnika\mlwft\mlwft14\mlwft14\x64\debug\splittrainfile.obj
d:\politechnika\mlwft\mlwft14\mlwft14\x64\debug\svm.obj
d:\politechnika\mlwft\mlwft14\mlwft14\x64\debug\svmpredict.obj
d:\politechnika\mlwft\mlwft14\mlwft14\x64\debug\svmscale.obj
d:\politechnika\mlwft\mlwft14\mlwft14\x64\debug\svmtrain.obj
d:\politechnika\mlwft\mlwft14\x64\debug\mlwft14.ilk
d:\politechnika\mlwft\mlwft14\x64\debug\mlwft14.exe
d:\politechnika\mlwft\mlwft14\x64\debug\mlwft14.pdb
d:\politechnika\mlwft\mlwft14\mlwft14\x64\debug\mlwft14.tlog\cl.command.1.tlog
d:\politechnika\mlwft\mlwft14\mlwft14\x64\debug\mlwft14.tlog\cl.read.1.tlog
d:\politechnika\mlwft\mlwft14\mlwft14\x64\debug\mlwft14.tlog\cl.write.1.tlog
d:\politechnika\mlwft\mlwft14\mlwft14\x64\debug\mlwft14.tlog\link.command.1.tlog
d:\politechnika\mlwft\mlwft14\mlwft14\x64\debug\mlwft14.tlog\link.read.1.tlog
d:\politechnika\mlwft\mlwft14\mlwft14\x64\debug\mlwft14.tlog\link.write.1.tlog
