d:\politechnika\mlwft\mlwft14\mlwft14\x64\release\mlwft14.pch
d:\politechnika\mlwft\mlwft14\mlwft14\x64\release\vc140.pdb
d:\politechnika\mlwft\mlwft14\mlwft14\x64\release\stdafx.obj
d:\politechnika\mlwft\mlwft14\mlwft14\x64\release\svmtrain.obj
d:\politechnika\mlwft\mlwft14\mlwft14\x64\release\svmscale.obj
d:\politechnika\mlwft\mlwft14\mlwft14\x64\release\svmpredict.obj
d:\politechnika\mlwft\mlwft14\mlwft14\x64\release\svm.obj
d:\politechnika\mlwft\mlwft14\mlwft14\x64\release\crossvalidation.obj
d:\politechnika\mlwft\mlwft14\mlwft14\x64\release\mlwft14.obj
d:\politechnika\mlwft\mlwft14\mlwft14\x64\release\format.obj
d:\politechnika\mlwft\mlwft14\x64\release\mlwft14.exe
d:\politechnika\mlwft\mlwft14\x64\release\mlwft14.ipdb
d:\politechnika\mlwft\mlwft14\x64\release\mlwft14.iobj
d:\politechnika\mlwft\mlwft14\x64\release\mlwft14.pdb
d:\politechnika\mlwft\mlwft14\mlwft14\x64\release\mlwft14.tlog\cl.command.1.tlog
d:\politechnika\mlwft\mlwft14\mlwft14\x64\release\mlwft14.tlog\cl.read.1.tlog
d:\politechnika\mlwft\mlwft14\mlwft14\x64\release\mlwft14.tlog\cl.write.1.tlog
d:\politechnika\mlwft\mlwft14\mlwft14\x64\release\mlwft14.tlog\link.command.1.tlog
d:\politechnika\mlwft\mlwft14\mlwft14\x64\release\mlwft14.tlog\link.read.1.tlog
d:\politechnika\mlwft\mlwft14\mlwft14\x64\release\mlwft14.tlog\link.write.1.tlog
